[  3%] Building C object CMakeFiles/rift-stage0.dir/src/core/rift-0.c.o
[  3%] Building C object CMakeFiles/rift-stage0-static.dir/src/core/rift-0.c.o
/mnt/c/Users/OBINexus/Projects/github/rift-poc/rift-0/src/core/rift-0.c:21:14: warning: ISO C forbids forward references to ‘enum’ types [-Wpedantic]
   21 | typedef enum TokenType RiftTokenType;
      |              ^~~~~~~~~
/mnt/c/Users/OBINexus/Projects/github/rift-poc/rift-0/src/core/rift-0.c:21:14: warning: ISO C forbids forward references to ‘enum’ types [-Wpedantic]
   21 | typedef enum TokenType RiftTokenType;
      |              ^~~~~~~~~
In file included from /mnt/c/Users/OBINexus/Projects/github/rift-poc/rift-0/src/core/rift-0.c:59:
/mnt/c/Users/OBINexus/Projects/github/rift-poc/rift-0/include/rift-0/core/rift-0.h:79:5: error: unknown type name ‘RiftToken’
   79 |     RiftToken** classic_tokens;
      |     ^~~~~~~~~
In file included from /mnt/c/Users/OBINexus/Projects/github/rift-poc/rift-0/src/core/rift-0.c:59:
/mnt/c/Users/OBINexus/Projects/github/rift-poc/rift-0/include/rift-0/core/rift-0.h:79:5: error: unknown type name ‘RiftToken’
   79 |     RiftToken** classic_tokens;
      |     ^~~~~~~~~
/mnt/c/Users/OBINexus/Projects/github/rift-poc/rift-0/src/core/rift-0.c: In function ‘rift_stage0_create’:
/mnt/c/Users/OBINexus/Projects/github/rift-poc/rift-0/src/core/rift-0.c:69:8: error: ‘RiftStage0Context’ has no member named ‘mem_gov’
   69 |     ctx->mem_gov = create_memory_governor(1024 * 1024, 16 * 1024 * 1024); // 1MB min, 16MB max
      |        ^~
/mnt/c/Users/OBINexus/Projects/github/rift-poc/rift-0/src/core/rift-0.c: In function ‘rift_stage0_create’:
/mnt/c/Users/OBINexus/Projects/github/rift-poc/rift-0/src/core/rift-0.c:69:8: error: ‘RiftStage0Context’ has no member named ‘mem_gov’
   69 |     ctx->mem_gov = create_memory_governor(1024 * 1024, 16 * 1024 * 1024); // 1MB min, 16MB max
      |        ^~
/mnt/c/Users/OBINexus/Projects/github/rift-poc/rift-0/src/core/rift-0.c:69:20: error: implicit declaration of function ‘create_memory_governor’ [-Werror=implicit-function-declaration]
   69 |     ctx->mem_gov = create_memory_governor(1024 * 1024, 16 * 1024 * 1024); // 1MB min, 16MB max
      |                    ^~~~~~~~~~~~~~~~~~~~~~
/mnt/c/Users/OBINexus/Projects/github/rift-poc/rift-0/src/core/rift-0.c:70:13: error: ‘RiftStage0Context’ has no member named ‘mem_gov’
   70 |     if (!ctx->mem_gov) {
      |             ^~
/mnt/c/Users/OBINexus/Projects/github/rift-poc/rift-0/src/core/rift-0.c:76:8: error: ‘RiftStage0Context’ has no member named ‘pattern_count’
   76 |     ctx->pattern_count = stage0_patterns_count;
      |        ^~
/mnt/c/Users/OBINexus/Projects/github/rift-poc/rift-0/src/core/rift-0.c:69:20: error: implicit declaration of function ‘create_memory_governor’ [-Werror=implicit-function-declaration]
   69 |     ctx->mem_gov = create_memory_governor(1024 * 1024, 16 * 1024 * 1024); // 1MB min, 16MB max
      |                    ^~~~~~~~~~~~~~~~~~~~~~
/mnt/c/Users/OBINexus/Projects/github/rift-poc/rift-0/src/core/rift-0.c:77:8: error: ‘RiftStage0Context’ has no member named ‘patterns’
   77 |     ctx->patterns = calloc(ctx->pattern_count, sizeof(regex_t));
      |        ^~
/mnt/c/Users/OBINexus/Projects/github/rift-poc/rift-0/src/core/rift-0.c:77:31: error: ‘RiftStage0Context’ has no member named ‘pattern_count’
   77 |     ctx->patterns = calloc(ctx->pattern_count, sizeof(regex_t));
      |                               ^~
/mnt/c/Users/OBINexus/Projects/github/rift-poc/rift-0/src/core/rift-0.c:78:13: error: ‘RiftStage0Context’ has no member named ‘patterns’
   78 |     if (!ctx->patterns) {
      |             ^~
/mnt/c/Users/OBINexus/Projects/github/rift-poc/rift-0/src/core/rift-0.c:70:13: error: ‘RiftStage0Context’ has no member named ‘mem_gov’
   70 |     if (!ctx->mem_gov) {
      |             ^~
/mnt/c/Users/OBINexus/Projects/github/rift-poc/rift-0/src/core/rift-0.c:79:17: error: ‘RiftStage0Context’ has no member named ‘mem_gov’
   79 |         free(ctx->mem_gov);
      |                 ^~
/mnt/c/Users/OBINexus/Projects/github/rift-poc/rift-0/src/core/rift-0.c:85:31: error: ‘RiftStage0Context’ has no member named ‘pattern_count’
   85 |     for (size_t i = 0; i < ctx->pattern_count; i++) {
      |                               ^~
/mnt/c/Users/OBINexus/Projects/github/rift-poc/rift-0/src/core/rift-0.c:76:8: error: ‘RiftStage0Context’ has no member named ‘pattern_count’
   76 |     ctx->pattern_count = stage0_patterns_count;
      |        ^~
/mnt/c/Users/OBINexus/Projects/github/rift-poc/rift-0/src/core/rift-0.c:77:8: error: ‘RiftStage0Context’ has no member named ‘patterns’
   77 |     ctx->patterns = calloc(ctx->pattern_count, sizeof(regex_t));
      |        ^~
/mnt/c/Users/OBINexus/Projects/github/rift-poc/rift-0/src/core/rift-0.c:86:31: error: ‘RiftStage0Context’ has no member named ‘patterns’
   86 |         int ret = regcomp(&ctx->patterns[i], stage0_patterns[i].pattern, REG_EXTENDED);
      |                               ^~
/mnt/c/Users/OBINexus/Projects/github/rift-poc/rift-0/src/core/rift-0.c:77:31: error: ‘RiftStage0Context’ has no member named ‘pattern_count’
   77 |     ctx->patterns = calloc(ctx->pattern_count, sizeof(regex_t));
      |                               ^~
/mnt/c/Users/OBINexus/Projects/github/rift-poc/rift-0/src/core/rift-0.c:78:13: error: ‘RiftStage0Context’ has no member named ‘patterns’
   78 |     if (!ctx->patterns) {
      |             ^~
/mnt/c/Users/OBINexus/Projects/github/rift-poc/rift-0/src/core/rift-0.c:79:17: error: ‘RiftStage0Context’ has no member named ‘mem_gov’
   79 |         free(ctx->mem_gov);
      |                 ^~
/mnt/c/Users/OBINexus/Projects/github/rift-poc/rift-0/src/core/rift-0.c:85:31: error: ‘RiftStage0Context’ has no member named ‘pattern_count’
   85 |     for (size_t i = 0; i < ctx->pattern_count; i++) {
      |                               ^~
/mnt/c/Users/OBINexus/Projects/github/rift-poc/rift-0/src/core/rift-0.c:86:31: error: ‘RiftStage0Context’ has no member named ‘patterns’
   86 |         int ret = regcomp(&ctx->patterns[i], stage0_patterns[i].pattern, REG_EXTENDED);
      |                               ^~
/mnt/c/Users/OBINexus/Projects/github/rift-poc/rift-0/src/core/rift-0.c:86:46: error: ‘stage0_patterns’ undeclared (first use in this function); did you mean ‘stage0_patterns_count’?
   86 |         int ret = regcomp(&ctx->patterns[i], stage0_patterns[i].pattern, REG_EXTENDED);
      |                                              ^~~~~~~~~~~~~~~
      |                                              stage0_patterns_count
/mnt/c/Users/OBINexus/Projects/github/rift-poc/rift-0/src/core/rift-0.c:86:46: note: each undeclared identifier is reported only once for each function it appears in
/mnt/c/Users/OBINexus/Projects/github/rift-poc/rift-0/src/core/rift-0.c:86:46: error: ‘stage0_patterns’ undeclared (first use in this function); did you mean ‘stage0_patterns_count’?
   86 |         int ret = regcomp(&ctx->patterns[i], stage0_patterns[i].pattern, REG_EXTENDED);
      |                                              ^~~~~~~~~~~~~~~
      |                                              stage0_patterns_count
/mnt/c/Users/OBINexus/Projects/github/rift-poc/rift-0/src/core/rift-0.c:86:46: note: each undeclared identifier is reported only once for each function it appears in
/mnt/c/Users/OBINexus/Projects/github/rift-poc/rift-0/src/core/rift-0.c:91:29: error: ‘RiftStage0Context’ has no member named ‘patterns’
   91 |                 regfree(&ctx->patterns[j]);
      |                             ^~
/mnt/c/Users/OBINexus/Projects/github/rift-poc/rift-0/src/core/rift-0.c:91:29: error: ‘RiftStage0Context’ has no member named ‘patterns’
   91 |                 regfree(&ctx->patterns[j]);
      |                             ^~
/mnt/c/Users/OBINexus/Projects/github/rift-poc/rift-0/src/core/rift-0.c:93:21: error: ‘RiftStage0Context’ has no member named ‘patterns’
   93 |             free(ctx->patterns);
      |                     ^~
/mnt/c/Users/OBINexus/Projects/github/rift-poc/rift-0/src/core/rift-0.c:93:21: error: ‘RiftStage0Context’ has no member named ‘patterns’
   93 |             free(ctx->patterns);
      |                     ^~
/mnt/c/Users/OBINexus/Projects/github/rift-poc/rift-0/src/core/rift-0.c:94:21: error: ‘RiftStage0Context’ has no member named ‘mem_gov’
   94 |             free(ctx->mem_gov);
      |                     ^~
/mnt/c/Users/OBINexus/Projects/github/rift-poc/rift-0/src/core/rift-0.c:94:21: error: ‘RiftStage0Context’ has no member named ‘mem_gov’
   94 |             free(ctx->mem_gov);
      |                     ^~
/mnt/c/Users/OBINexus/Projects/github/rift-poc/rift-0/src/core/rift-0.c:101:8: error: ‘RiftStage0Context’ has no member named ‘dual_mode_enabled’
  101 |     ctx->dual_mode_enabled = true;
      |        ^~
/mnt/c/Users/OBINexus/Projects/github/rift-poc/rift-0/src/core/rift-0.c:101:8: error: ‘RiftStage0Context’ has no member named ‘dual_mode_enabled’
  101 |     ctx->dual_mode_enabled = true;
      |        ^~
/mnt/c/Users/OBINexus/Projects/github/rift-poc/rift-0/src/core/rift-0.c:102:10: error: ‘RiftStage0Context’ has no member named ‘quantum_mode_active’; did you mean ‘quantum_channel_active’?
  102 |     ctx->quantum_mode_active = false;
      |          ^~~~~~~~~~~~~~~~~~~
      |          quantum_channel_active
/mnt/c/Users/OBINexus/Projects/github/rift-poc/rift-0/src/core/rift-0.c:102:10: error: ‘RiftStage0Context’ has no member named ‘quantum_mode_active’; did you mean ‘quantum_channel_active’?
  102 |     ctx->quantum_mode_active = false;
      |          ^~~~~~~~~~~~~~~~~~~
      |          quantum_channel_active
/mnt/c/Users/OBINexus/Projects/github/rift-poc/rift-0/src/core/rift-0.c:103:8: error: ‘RiftStage0Context’ has no member named ‘aegis_compliant’
  103 |     ctx->aegis_compliant = true;
      |        ^~
/mnt/c/Users/OBINexus/Projects/github/rift-poc/rift-0/src/core/rift-0.c:103:8: error: ‘RiftStage0Context’ has no member named ‘aegis_compliant’
  103 |     ctx->aegis_compliant = true;
      |        ^~
/mnt/c/Users/OBINexus/Projects/github/rift-poc/rift-0/src/core/rift-0.c:105:8: error: ‘RiftStage0Context’ has no member named ‘thread_count’
  105 |     ctx->thread_count = 4;
      |        ^~
/mnt/c/Users/OBINexus/Projects/github/rift-poc/rift-0/src/core/rift-0.c:105:8: error: ‘RiftStage0Context’ has no member named ‘thread_count’
  105 |     ctx->thread_count = 4;
      |        ^~
/mnt/c/Users/OBINexus/Projects/github/rift-poc/rift-0/src/core/rift-0.c:107:28: error: ‘RiftStage0Context’ has no member named ‘ctx_lock’
  107 |     pthread_mutex_init(&ctx->ctx_lock, NULL);
      |                            ^~
/mnt/c/Users/OBINexus/Projects/github/rift-poc/rift-0/src/core/rift-0.c:107:28: error: ‘RiftStage0Context’ has no member named ‘ctx_lock’
  107 |     pthread_mutex_init(&ctx->ctx_lock, NULL);
      |                            ^~
/mnt/c/Users/OBINexus/Projects/github/rift-poc/rift-0/src/core/rift-0.c:110:37: error: ‘RIFT_VERSION_MAJOR’ undeclared (first use in this function); did you mean ‘RIFT_VERSION’?
  110 |     printf("  Version: %d.%d.%d\n", RIFT_VERSION_MAJOR, RIFT_VERSION_MINOR, RIFT_VERSION_PATCH);
      |                                     ^~~~~~~~~~~~~~~~~~
      |                                     RIFT_VERSION
/mnt/c/Users/OBINexus/Projects/github/rift-poc/rift-0/src/core/rift-0.c:110:37: error: ‘RIFT_VERSION_MAJOR’ undeclared (first use in this function); did you mean ‘RIFT_VERSION’?
  110 |     printf("  Version: %d.%d.%d\n", RIFT_VERSION_MAJOR, RIFT_VERSION_MINOR, RIFT_VERSION_PATCH);
      |                                     ^~~~~~~~~~~~~~~~~~
      |                                     RIFT_VERSION
/mnt/c/Users/OBINexus/Projects/github/rift-poc/rift-0/src/core/rift-0.c:110:57: error: ‘RIFT_VERSION_MINOR’ undeclared (first use in this function); did you mean ‘RIFT_VERSION’?
  110 |     printf("  Version: %d.%d.%d\n", RIFT_VERSION_MAJOR, RIFT_VERSION_MINOR, RIFT_VERSION_PATCH);
      |                                                         ^~~~~~~~~~~~~~~~~~
      |                                                         RIFT_VERSION
/mnt/c/Users/OBINexus/Projects/github/rift-poc/rift-0/src/core/rift-0.c:110:57: error: ‘RIFT_VERSION_MINOR’ undeclared (first use in this function); did you mean ‘RIFT_VERSION’?
  110 |     printf("  Version: %d.%d.%d\n", RIFT_VERSION_MAJOR, RIFT_VERSION_MINOR, RIFT_VERSION_PATCH);
      |                                                         ^~~~~~~~~~~~~~~~~~
      |                                                         RIFT_VERSION
/mnt/c/Users/OBINexus/Projects/github/rift-poc/rift-0/src/core/rift-0.c:110:77: error: ‘RIFT_VERSION_PATCH’ undeclared (first use in this function); did you mean ‘RIFT_VERSION’?
  110 |     printf("  Version: %d.%d.%d\n", RIFT_VERSION_MAJOR, RIFT_VERSION_MINOR, RIFT_VERSION_PATCH);
      |                                                                             ^~~~~~~~~~~~~~~~~~
      |                                                                             RIFT_VERSION
/mnt/c/Users/OBINexus/Projects/github/rift-poc/rift-0/src/core/rift-0.c:110:77: error: ‘RIFT_VERSION_PATCH’ undeclared (first use in this function); did you mean ‘RIFT_VERSION’?
  110 |     printf("  Version: %d.%d.%d\n", RIFT_VERSION_MAJOR, RIFT_VERSION_MINOR, RIFT_VERSION_PATCH);
      |                                                                             ^~~~~~~~~~~~~~~~~~
      |                                                                             RIFT_VERSION
/mnt/c/Users/OBINexus/Projects/github/rift-poc/rift-0/src/core/rift-0.c:111:39: error: ‘RiftStage0Context’ has no member named ‘dual_mode_enabled’
  111 |     printf("  Dual-channel: %s\n", ctx->dual_mode_enabled ? "enabled" : "disabled");
      |                                       ^~
/mnt/c/Users/OBINexus/Projects/github/rift-poc/rift-0/src/core/rift-0.c:111:39: error: ‘RiftStage0Context’ has no member named ‘dual_mode_enabled’
  111 |     printf("  Dual-channel: %s\n", ctx->dual_mode_enabled ? "enabled" : "disabled");
      |                                       ^~
/mnt/c/Users/OBINexus/Projects/github/rift-poc/rift-0/src/core/rift-0.c:112:42: error: ‘RiftStage0Context’ has no member named ‘aegis_compliant’
  112 |     printf("  AEGIS compliant: %s\n", ctx->aegis_compliant ? "yes" : "no");
      |                                          ^~
/mnt/c/Users/OBINexus/Projects/github/rift-poc/rift-0/src/core/rift-0.c:113:53: error: ‘RiftStage0Context’ has no member named ‘mem_gov’
  113 |     printf("  Memory limits: %zu - %zu bytes\n", ctx->mem_gov->min_heap, ctx->mem_gov->max_heap);
      |                                                     ^~
/mnt/c/Users/OBINexus/Projects/github/rift-poc/rift-0/src/core/rift-0.c:112:42: error: ‘RiftStage0Context’ has no member named ‘aegis_compliant’
  112 |     printf("  AEGIS compliant: %s\n", ctx->aegis_compliant ? "yes" : "no");
      |                                          ^~
/mnt/c/Users/OBINexus/Projects/github/rift-poc/rift-0/src/core/rift-0.c:113:77: error: ‘RiftStage0Context’ has no member named ‘mem_gov’
  113 |     printf("  Memory limits: %zu - %zu bytes\n", ctx->mem_gov->min_heap, ctx->mem_gov->max_heap);
      |                                                                             ^~
/mnt/c/Users/OBINexus/Projects/github/rift-poc/rift-0/src/core/rift-0.c:113:53: error: ‘RiftStage0Context’ has no member named ‘mem_gov’
  113 |     printf("  Memory limits: %zu - %zu bytes\n", ctx->mem_gov->min_heap, ctx->mem_gov->max_heap);
      |                                                     ^~
/mnt/c/Users/OBINexus/Projects/github/rift-poc/rift-0/src/core/rift-0.c:113:77: error: ‘RiftStage0Context’ has no member named ‘mem_gov’
  113 |     printf("  Memory limits: %zu - %zu bytes\n", ctx->mem_gov->min_heap, ctx->mem_gov->max_heap);
      |                                                                             ^~
/mnt/c/Users/OBINexus/Projects/github/rift-poc/rift-0/src/core/rift-0.c:116:5: error: ‘token’ undeclared (first use in this function)
  116 |     token->type = type;
      |     ^~~~~
/mnt/c/Users/OBINexus/Projects/github/rift-poc/rift-0/src/core/rift-0.c:116:5: error: ‘token’ undeclared (first use in this function)
  116 |     token->type = type;
      |     ^~~~~
/mnt/c/Users/OBINexus/Projects/github/rift-poc/rift-0/src/core/rift-0.c:116:19: error: ‘type’ undeclared (first use in this function)
  116 |     token->type = type;
      |                   ^~~~
/mnt/c/Users/OBINexus/Projects/github/rift-poc/rift-0/src/core/rift-0.c:116:19: error: ‘type’ undeclared (first use in this function)
  116 |     token->type = type;
      |                   ^~~~
/mnt/c/Users/OBINexus/Projects/github/rift-poc/rift-0/src/core/rift-0.c:117:27: error: ‘value’ undeclared (first use in this function)
  117 |     token->value = strdup(value);
      |                           ^~~~~
/mnt/c/Users/OBINexus/Projects/github/rift-poc/rift-0/src/core/rift-0.c:118:19: error: ‘line’ undeclared (first use in this function)
  118 |     token->line = line;
      |                   ^~~~
/mnt/c/Users/OBINexus/Projects/github/rift-poc/rift-0/src/core/rift-0.c:119:21: error: ‘col’ undeclared (first use in this function)
  119 |     token->column = col;
      |                     ^~~
/mnt/c/Users/OBINexus/Projects/github/rift-poc/rift-0/src/core/rift-0.c:117:27: error: ‘value’ undeclared (first use in this function)
  117 |     token->value = strdup(value);
      |                           ^~~~~
/mnt/c/Users/OBINexus/Projects/github/rift-poc/rift-0/src/core/rift-0.c:118:19: error: ‘line’ undeclared (first use in this function)
  118 |     token->line = line;
      |                   ^~~~
/mnt/c/Users/OBINexus/Projects/github/rift-poc/rift-0/src/core/rift-0.c:119:21: error: ‘col’ undeclared (first use in this function)
  119 |     token->column = col;
      |                     ^~~
/mnt/c/Users/OBINexus/Projects/github/rift-poc/rift-0/src/core/rift-0.c:128:17: error: ‘R_QUANTUM_TOKEN’ undeclared (first use in this function)
  128 |     if (type == R_QUANTUM_TOKEN || type == R_COLLAPSE_MARKER || type == R_ENTANGLE_MARKER) {
      |                 ^~~~~~~~~~~~~~~
/mnt/c/Users/OBINexus/Projects/github/rift-poc/rift-0/src/core/rift-0.c:128:17: error: ‘R_QUANTUM_TOKEN’ undeclared (first use in this function)
  128 |     if (type == R_QUANTUM_TOKEN || type == R_COLLAPSE_MARKER || type == R_ENTANGLE_MARKER) {
      |                 ^~~~~~~~~~~~~~~
/mnt/c/Users/OBINexus/Projects/github/rift-poc/rift-0/src/core/rift-0.c:128:44: error: ‘R_COLLAPSE_MARKER’ undeclared (first use in this function)
  128 |     if (type == R_QUANTUM_TOKEN || type == R_COLLAPSE_MARKER || type == R_ENTANGLE_MARKER) {
      |                                            ^~~~~~~~~~~~~~~~~
/mnt/c/Users/OBINexus/Projects/github/rift-poc/rift-0/src/core/rift-0.c:128:44: error: ‘R_COLLAPSE_MARKER’ undeclared (first use in this function)
  128 |     if (type == R_QUANTUM_TOKEN || type == R_COLLAPSE_MARKER || type == R_ENTANGLE_MARKER) {
      |                                            ^~~~~~~~~~~~~~~~~
/mnt/c/Users/OBINexus/Projects/github/rift-poc/rift-0/src/core/rift-0.c:128:73: error: ‘R_ENTANGLE_MARKER’ undeclared (first use in this function)
  128 |     if (type == R_QUANTUM_TOKEN || type == R_COLLAPSE_MARKER || type == R_ENTANGLE_MARKER) {
      |                                                                         ^~~~~~~~~~~~~~~~~
/mnt/c/Users/OBINexus/Projects/github/rift-poc/rift-0/src/core/rift-0.c: At top level:
/mnt/c/Users/OBINexus/Projects/github/rift-poc/rift-0/src/core/rift-0.c:135:10: error: expected ‘=’, ‘,’, ‘;’, ‘asm’ or ‘__attribute__’ before ‘->’ token
  135 |     token->governance_flags = ctx ? ctx->compliance_flags : 0;
      |          ^~
/mnt/c/Users/OBINexus/Projects/github/rift-poc/rift-0/src/core/rift-0.c:136:10: error: expected ‘=’, ‘,’, ‘;’, ‘asm’ or ‘__attribute__’ before ‘->’ token
  136 |     token->metadata = NULL;
      |          ^~
/mnt/c/Users/OBINexus/Projects/github/rift-poc/rift-0/src/core/rift-0.c:137:10: error: expected ‘=’, ‘,’, ‘;’, ‘asm’ or ‘__attribute__’ before ‘->’ token
  137 |     token->pattern = NULL;
      |          ^~
/mnt/c/Users/OBINexus/Projects/github/rift-poc/rift-0/src/core/rift-0.c:140:5: error: expected identifier or ‘(’ before ‘if’
  140 |     if (type == R_QUANTUM_TOKEN || type == R_COLLAPSE_MARKER || type == R_ENTANGLE_MARKER) {
      |     ^~
/mnt/c/Users/OBINexus/Projects/github/rift-poc/rift-0/src/core/rift-0.c:144:5: error: expected identifier or ‘(’ before ‘return’
  144 |     return token;
      |     ^~~~~~
/mnt/c/Users/OBINexus/Projects/github/rift-poc/rift-0/src/core/rift-0.c:145:1: error: expected identifier or ‘(’ before ‘}’ token
  145 | }
      | ^
/mnt/c/Users/OBINexus/Projects/github/rift-poc/rift-0/src/core/rift-0.c:128:73: error: ‘R_ENTANGLE_MARKER’ undeclared (first use in this function)
  128 |     if (type == R_QUANTUM_TOKEN || type == R_COLLAPSE_MARKER || type == R_ENTANGLE_MARKER) {
      |                                                                         ^~~~~~~~~~~~~~~~~
/mnt/c/Users/OBINexus/Projects/github/rift-poc/rift-0/src/core/rift-0.c: At top level:
/mnt/c/Users/OBINexus/Projects/github/rift-poc/rift-0/src/core/rift-0.c:135:10: error: expected ‘=’, ‘,’, ‘;’, ‘asm’ or ‘__attribute__’ before ‘->’ token
  135 |     token->governance_flags = ctx ? ctx->compliance_flags : 0;
      |          ^~
/mnt/c/Users/OBINexus/Projects/github/rift-poc/rift-0/src/core/rift-0.c:136:10: error: expected ‘=’, ‘,’, ‘;’, ‘asm’ or ‘__attribute__’ before ‘->’ token
  136 |     token->metadata = NULL;
      |          ^~
/mnt/c/Users/OBINexus/Projects/github/rift-poc/rift-0/src/core/rift-0.c:137:10: error: expected ‘=’, ‘,’, ‘;’, ‘asm’ or ‘__attribute__’ before ‘->’ token
  137 |     token->pattern = NULL;
      |          ^~
/mnt/c/Users/OBINexus/Projects/github/rift-poc/rift-0/src/core/rift-0.c:140:5: error: expected identifier or ‘(’ before ‘if’
  140 |     if (type == R_QUANTUM_TOKEN || type == R_COLLAPSE_MARKER || type == R_ENTANGLE_MARKER) {
      |     ^~
/mnt/c/Users/OBINexus/Projects/github/rift-poc/rift-0/src/core/rift-0.c:148:41: error: unknown type name ‘RiftToken’; did you mean ‘RiftTokenType’?
  148 | void free_token(RiftStage0Context* ctx, RiftToken* token) {
      |                                         ^~~~~~~~~
      |                                         RiftTokenType
/mnt/c/Users/OBINexus/Projects/github/rift-poc/rift-0/src/core/rift-0.c:144:5: error: expected identifier or ‘(’ before ‘return’
  144 |     return token;
      |     ^~~~~~
/mnt/c/Users/OBINexus/Projects/github/rift-poc/rift-0/src/core/rift-0.c:145:1: error: expected identifier or ‘(’ before ‘}’ token
  145 | }
      | ^
/mnt/c/Users/OBINexus/Projects/github/rift-poc/rift-0/src/core/rift-0.c:164:1: error: unknown type name ‘RiftToken’; did you mean ‘RiftTokenType’?
  164 | RiftToken** tokenize_input(RiftStage0Context* ctx, const char* input, size_t* token_count) {
      | ^~~~~~~~~
      | RiftTokenType
/mnt/c/Users/OBINexus/Projects/github/rift-poc/rift-0/src/core/rift-0.c:148:41: error: unknown type name ‘RiftToken’; did you mean ‘RiftTokenType’?
  148 | void free_token(RiftStage0Context* ctx, RiftToken* token) {
      |                                         ^~~~~~~~~
      |                                         RiftTokenType
/mnt/c/Users/OBINexus/Projects/github/rift-poc/rift-0/src/core/rift-0.c: In function ‘tokenize_input’:
/mnt/c/Users/OBINexus/Projects/github/rift-poc/rift-0/src/core/rift-0.c:167:28: error: ‘RiftStage0Context’ has no member named ‘ctx_lock’
  167 |     pthread_mutex_lock(&ctx->ctx_lock);
      |                            ^~
/mnt/c/Users/OBINexus/Projects/github/rift-poc/rift-0/src/core/rift-0.c:164:1: error: unknown type name ‘RiftToken’; did you mean ‘RiftTokenType’?
  164 | RiftToken** tokenize_input(RiftStage0Context* ctx, const char* input, size_t* token_count) {
      | ^~~~~~~~~
      | RiftTokenType
/mnt/c/Users/OBINexus/Projects/github/rift-poc/rift-0/src/core/rift-0.c: In function ‘tokenize_input’:
/mnt/c/Users/OBINexus/Projects/github/rift-poc/rift-0/src/core/rift-0.c:171:5: error: unknown type name ‘RiftToken’; did you mean ‘RiftTokenType’?
  171 |     RiftToken** tokens = calloc(capacity, sizeof(RiftToken*));
      |     ^~~~~~~~~
      |     RiftTokenType
/mnt/c/Users/OBINexus/Projects/github/rift-poc/rift-0/src/core/rift-0.c:167:28: error: ‘RiftStage0Context’ has no member named ‘ctx_lock’
  167 |     pthread_mutex_lock(&ctx->ctx_lock);
      |                            ^~
/mnt/c/Users/OBINexus/Projects/github/rift-poc/rift-0/src/core/rift-0.c:171:5: error: unknown type name ‘RiftToken’; did you mean ‘RiftTokenType’?
  171 |     RiftToken** tokens = calloc(capacity, sizeof(RiftToken*));
      |     ^~~~~~~~~
      |     RiftTokenType
/mnt/c/Users/OBINexus/Projects/github/rift-poc/rift-0/src/core/rift-0.c:171:50: error: ‘RiftToken’ undeclared (first use in this function); did you mean ‘RiftTokenType’?
  171 |     RiftToken** tokens = calloc(capacity, sizeof(RiftToken*));
      |                                                  ^~~~~~~~~
      |                                                  RiftTokenType
/mnt/c/Users/OBINexus/Projects/github/rift-poc/rift-0/src/core/rift-0.c:171:60: error: expected expression before ‘)’ token
  171 |     RiftToken** tokens = calloc(capacity, sizeof(RiftToken*));
      |                                                            ^
/mnt/c/Users/OBINexus/Projects/github/rift-poc/rift-0/src/core/rift-0.c:173:34: error: ‘RiftStage0Context’ has no member named ‘ctx_lock’
  173 |         pthread_mutex_unlock(&ctx->ctx_lock);
      |                                  ^~
/mnt/c/Users/OBINexus/Projects/github/rift-poc/rift-0/src/core/rift-0.c:171:50: error: ‘RiftToken’ undeclared (first use in this function); did you mean ‘RiftTokenType’?
  171 |     RiftToken** tokens = calloc(capacity, sizeof(RiftToken*));
      |                                                  ^~~~~~~~~
      |                                                  RiftTokenType
/mnt/c/Users/OBINexus/Projects/github/rift-poc/rift-0/src/core/rift-0.c:171:60: error: expected expression before ‘)’ token
  171 |     RiftToken** tokens = calloc(capacity, sizeof(RiftToken*));
      |                                                            ^
/mnt/c/Users/OBINexus/Projects/github/rift-poc/rift-0/src/core/rift-0.c:173:34: error: ‘RiftStage0Context’ has no member named ‘ctx_lock’
  173 |         pthread_mutex_unlock(&ctx->ctx_lock);
      |                                  ^~
/mnt/c/Users/OBINexus/Projects/github/rift-poc/rift-0/src/core/rift-0.c:202:42: error: ‘stage0_patterns’ undeclared (first use in this function)
  202 |             RiftTokenType pattern_type = stage0_patterns[i].type;
      |                                          ^~~~~~~~~~~~~~~
/mnt/c/Users/OBINexus/Projects/github/rift-poc/rift-0/src/core/rift-0.c:202:58: error: ‘i’ undeclared (first use in this function)
  202 |             RiftTokenType pattern_type = stage0_patterns[i].type;
      |                                                          ^
/mnt/c/Users/OBINexus/Projects/github/rift-poc/rift-0/src/core/rift-0.c:203:45: error: ‘RiftStage0Context’ has no member named ‘patterns’
  203 |             if (test_len > 0 && regexec(&ctx->patterns[i], test_buffer, 1, &match, 0) == 0) {
      |                                             ^~
/mnt/c/Users/OBINexus/Projects/github/rift-poc/rift-0/src/core/rift-0.c:205:28: error: ‘token’ undeclared (first use in this function); did you mean ‘tokens’?
  205 |                 RiftToken* token = create_token(ctx, pattern_type,
      |                            ^~~~~
      |                            tokens
/mnt/c/Users/OBINexus/Projects/github/rift-poc/rift-0/src/core/rift-0.c:202:42: error: ‘stage0_patterns’ undeclared (first use in this function)
  202 |             RiftTokenType pattern_type = stage0_patterns[i].type;
      |                                          ^~~~~~~~~~~~~~~
/mnt/c/Users/OBINexus/Projects/github/rift-poc/rift-0/src/core/rift-0.c:202:58: error: ‘i’ undeclared (first use in this function)
  202 |             RiftTokenType pattern_type = stage0_patterns[i].type;
      |                                                          ^
/mnt/c/Users/OBINexus/Projects/github/rift-poc/rift-0/src/core/rift-0.c:203:45: error: ‘RiftStage0Context’ has no member named ‘patterns’
  203 |             if (test_len > 0 && regexec(&ctx->patterns[i], test_buffer, 1, &match, 0) == 0) {
      |                                             ^~
/mnt/c/Users/OBINexus/Projects/github/rift-poc/rift-0/src/core/rift-0.c:205:36: error: implicit declaration of function ‘create_token’ [-Werror=implicit-function-declaration]
  205 |                 RiftToken* token = create_token(ctx, pattern_type,
      |                                    ^~~~~~~~~~~~
/mnt/c/Users/OBINexus/Projects/github/rift-poc/rift-0/src/core/rift-0.c:205:28: error: ‘token’ undeclared (first use in this function); did you mean ‘tokens’?
  205 |                 RiftToken* token = create_token(ctx, pattern_type,
      |                            ^~~~~
      |                            tokens
/mnt/c/Users/OBINexus/Projects/github/rift-poc/rift-0/src/core/rift-0.c:215:45: error: ‘RiftStage0Context’ has no member named ‘patterns’
  215 |             if (test_len > 0 && regexec(&ctx->patterns[i], test_buffer, 1, &match, 0) == 0) {
      |                                             ^~
/mnt/c/Users/OBINexus/Projects/github/rift-poc/rift-0/src/core/rift-0.c:205:36: error: implicit declaration of function ‘create_token’ [-Werror=implicit-function-declaration]
  205 |                 RiftToken* token = create_token(ctx, pattern_type,
      |                                    ^~~~~~~~~~~~
/mnt/c/Users/OBINexus/Projects/github/rift-poc/rift-0/src/core/rift-0.c:215:45: error: ‘RiftStage0Context’ has no member named ‘patterns’
  215 |             if (test_len > 0 && regexec(&ctx->patterns[i], test_buffer, 1, &match, 0) == 0) {
      |                                             ^~
/mnt/c/Users/OBINexus/Projects/github/rift-poc/rift-0/src/core/rift-0.c:221:55: error: implicit declaration of function ‘create_dual_channel_output’ [-Werror=implicit-function-declaration]
  221 |                     DualChannelOutput* error_output = create_dual_channel_output();
      |                                                       ^~~~~~~~~~~~~~~~~~~~~~~~~~
/mnt/c/Users/OBINexus/Projects/github/rift-poc/rift-0/src/core/rift-0.c:221:55: error: initialization of ‘DualChannelOutput *’ from ‘int’ makes pointer from integer without a cast [-Werror=int-conversion]
/mnt/c/Users/OBINexus/Projects/github/rift-poc/rift-0/src/core/rift-0.c:221:55: error: implicit declaration of function ‘create_dual_channel_output’ [-Werror=implicit-function-declaration]
  221 |                     DualChannelOutput* error_output = create_dual_channel_output();
      |                                                       ^~~~~~~~~~~~~~~~~~~~~~~~~~
/mnt/c/Users/OBINexus/Projects/github/rift-poc/rift-0/src/core/rift-0.c:222:21: error: implicit declaration of function ‘set_error_level’ [-Werror=implicit-function-declaration]
  222 |                     set_error_level(error_output, RIFT_CRITICAL_MIN,
      |                     ^~~~~~~~~~~~~~~
/mnt/c/Users/OBINexus/Projects/github/rift-poc/rift-0/src/core/rift-0.c:221:55: error: initialization of ‘DualChannelOutput *’ from ‘int’ makes pointer from integer without a cast [-Werror=int-conversion]
/mnt/c/Users/OBINexus/Projects/github/rift-poc/rift-0/src/core/rift-0.c:224:46: error: ‘RiftStage0Context’ has no member named ‘ctx_lock’
  224 |                     pthread_mutex_unlock(&ctx->ctx_lock);
      |                                              ^~
/mnt/c/Users/OBINexus/Projects/github/rift-poc/rift-0/src/core/rift-0.c:230:26: error: ‘RiftStage0Context’ has no member named ‘quantum_mode_active’; did you mean ‘quantum_channel_active’?
  230 |                     ctx->quantum_mode_active = true;
      |                          ^~~~~~~~~~~~~~~~~~~
      |                          quantum_channel_active
/mnt/c/Users/OBINexus/Projects/github/rift-poc/rift-0/src/core/rift-0.c:233:26: error: ‘RiftStage0Context’ has no member named ‘quantum_mode_active’; did you mean ‘quantum_channel_active’?
  233 |                     ctx->quantum_mode_active = false;
      |                          ^~~~~~~~~~~~~~~~~~~
      |                          quantum_channel_active
/mnt/c/Users/OBINexus/Projects/github/rift-poc/rift-0/src/core/rift-0.c:222:21: error: implicit declaration of function ‘set_error_level’ [-Werror=implicit-function-declaration]
  222 |                     set_error_level(error_output, RIFT_CRITICAL_MIN,
      |                     ^~~~~~~~~~~~~~~
/mnt/c/Users/OBINexus/Projects/github/rift-poc/rift-0/src/core/rift-0.c:240:33: error: ‘new_tokens’ undeclared (first use in this function); did you mean ‘tokens’?
  240 |                     RiftToken** new_tokens = realloc(tokens, capacity * sizeof(RiftToken*));
      |                                 ^~~~~~~~~~
      |                                 tokens
/mnt/c/Users/OBINexus/Projects/github/rift-poc/rift-0/src/core/rift-0.c:224:46: error: ‘RiftStage0Context’ has no member named ‘ctx_lock’
  224 |                     pthread_mutex_unlock(&ctx->ctx_lock);
      |                                              ^~
/mnt/c/Users/OBINexus/Projects/github/rift-poc/rift-0/src/core/rift-0.c:240:90: error: expected expression before ‘)’ token
  240 |                     RiftToken** new_tokens = realloc(tokens, capacity * sizeof(RiftToken*));
      |                                                                                          ^
/mnt/c/Users/OBINexus/Projects/github/rift-poc/rift-0/src/core/rift-0.c:242:50: error: ‘RiftStage0Context’ has no member named ‘ctx_lock’
  242 |                         pthread_mutex_unlock(&ctx->ctx_lock);
      |                                                  ^~
/mnt/c/Users/OBINexus/Projects/github/rift-poc/rift-0/src/core/rift-0.c:230:26: error: ‘RiftStage0Context’ has no member named ‘quantum_mode_active’; did you mean ‘quantum_channel_active’?
  230 |                     ctx->quantum_mode_active = true;
      |                          ^~~~~~~~~~~~~~~~~~~
      |                          quantum_channel_active
/mnt/c/Users/OBINexus/Projects/github/rift-poc/rift-0/src/core/rift-0.c:262:47: error: initialization of ‘DualChannelOutput *’ from ‘int’ makes pointer from integer without a cast [-Werror=int-conversion]
  262 |             DualChannelOutput* error_output = create_dual_channel_output();
      |                                               ^~~~~~~~~~~~~~~~~~~~~~~~~~
/mnt/c/Users/OBINexus/Projects/github/rift-poc/rift-0/src/core/rift-0.c:233:26: error: ‘RiftStage0Context’ has no member named ‘quantum_mode_active’; did you mean ‘quantum_channel_active’?
  233 |                     ctx->quantum_mode_active = false;
      |                          ^~~~~~~~~~~~~~~~~~~
      |                          quantum_channel_active
/mnt/c/Users/OBINexus/Projects/github/rift-poc/rift-0/src/core/rift-0.c:271:16: error: ‘eof’ undeclared (first use in this function); did you mean ‘feof’?
  271 |     RiftToken* eof = create_token(ctx, R_EOF, "EOF", line, col);
      |                ^~~
      |                feof
/mnt/c/Users/OBINexus/Projects/github/rift-poc/rift-0/src/core/rift-0.c:271:40: error: ‘R_EOF’ undeclared (first use in this function); did you mean ‘EOF’?
  271 |     RiftToken* eof = create_token(ctx, R_EOF, "EOF", line, col);
      |                                        ^~~~~
      |                                        EOF
/mnt/c/Users/OBINexus/Projects/github/rift-poc/rift-0/src/core/rift-0.c:240:33: error: ‘new_tokens’ undeclared (first use in this function); did you mean ‘tokens’?
  240 |                     RiftToken** new_tokens = realloc(tokens, capacity * sizeof(RiftToken*));
      |                                 ^~~~~~~~~~
      |                                 tokens
/mnt/c/Users/OBINexus/Projects/github/rift-poc/rift-0/src/core/rift-0.c:240:90: error: expected expression before ‘)’ token
  240 |                     RiftToken** new_tokens = realloc(tokens, capacity * sizeof(RiftToken*));
      |                                                                                          ^
/mnt/c/Users/OBINexus/Projects/github/rift-poc/rift-0/src/core/rift-0.c:275:82: error: expected expression before ‘)’ token
  275 |             RiftToken** new_tokens = realloc(tokens, capacity * sizeof(RiftToken*));
      |                                                                                  ^
/mnt/c/Users/OBINexus/Projects/github/rift-poc/rift-0/src/core/rift-0.c:242:50: error: ‘RiftStage0Context’ has no member named ‘ctx_lock’
  242 |                         pthread_mutex_unlock(&ctx->ctx_lock);
      |                                                  ^~
/mnt/c/Users/OBINexus/Projects/github/rift-poc/rift-0/src/core/rift-0.c:284:30: error: ‘RiftStage0Context’ has no member named ‘ctx_lock’
  284 |     pthread_mutex_unlock(&ctx->ctx_lock);
      |                              ^~
/mnt/c/Users/OBINexus/Projects/github/rift-poc/rift-0/src/core/rift-0.c:293:1: warning: ISO C forbids nested functions [-Wpedantic]
  293 | DualChannelOutput* process_stage0(RiftStage0Context* ctx, const char* input) {
      | ^~~~~~~~~~~~~~~~~
/mnt/c/Users/OBINexus/Projects/github/rift-poc/rift-0/src/core/rift-0.c: In function ‘process_stage0’:
/mnt/c/Users/OBINexus/Projects/github/rift-poc/rift-0/src/core/rift-0.c:296:33: error: initialization of ‘DualChannelOutput *’ from ‘int’ makes pointer from integer without a cast [-Werror=int-conversion]
  296 |     DualChannelOutput* output = create_dual_channel_output();
      |                                 ^~~~~~~~~~~~~~~~~~~~~~~~~~
/mnt/c/Users/OBINexus/Projects/github/rift-poc/rift-0/src/core/rift-0.c:262:47: error: initialization of ‘DualChannelOutput *’ from ‘int’ makes pointer from integer without a cast [-Werror=int-conversion]
  262 |             DualChannelOutput* error_output = create_dual_channel_output();
      |                                               ^~~~~~~~~~~~~~~~~~~~~~~~~~
/mnt/c/Users/OBINexus/Projects/github/rift-poc/rift-0/src/core/rift-0.c:330:39: error: ‘RiftStage0Context’ has no member named ‘quantum_mode_active’; did you mean ‘quantum_channel_active’?
  330 |         if (token->is_quantum || ctx->quantum_mode_active) {
      |                                       ^~~~~~~~~~~~~~~~~~~
      |                                       quantum_channel_active
/mnt/c/Users/OBINexus/Projects/github/rift-poc/rift-0/src/core/rift-0.c:271:16: error: ‘eof’ undeclared (first use in this function); did you mean ‘feof’?
  271 |     RiftToken* eof = create_token(ctx, R_EOF, "EOF", line, col);
      |                ^~~
      |                feof
/mnt/c/Users/OBINexus/Projects/github/rift-poc/rift-0/src/core/rift-0.c:362:13: error: ‘DualChannelOutput’ has no member named ‘classic_channel’; did you mean ‘classic_count’?
  362 |     output->classic_channel = classic_buffer;
      |             ^~~~~~~~~~~~~~~
      |             classic_count
/mnt/c/Users/OBINexus/Projects/github/rift-poc/rift-0/src/core/rift-0.c:363:13: error: ‘DualChannelOutput’ has no member named ‘classic_size’; did you mean ‘classic_tokens’?
  363 |     output->classic_size = classic_offset;
      |             ^~~~~~~~~~~~
      |             classic_tokens
/mnt/c/Users/OBINexus/Projects/github/rift-poc/rift-0/src/core/rift-0.c:364:11: error: ‘DualChannelOutput’ has no member named ‘quantum_channel’
  364 |     output->quantum_channel = quantum_buffer;
      |           ^~
/mnt/c/Users/OBINexus/Projects/github/rift-poc/rift-0/src/core/rift-0.c:271:40: error: ‘R_EOF’ undeclared (first use in this function); did you mean ‘EOF’?
  271 |     RiftToken* eof = create_token(ctx, R_EOF, "EOF", line, col);
      |                                        ^~~~~
      |                                        EOF
/mnt/c/Users/OBINexus/Projects/github/rift-poc/rift-0/src/core/rift-0.c:275:82: error: expected expression before ‘)’ token
  275 |             RiftToken** new_tokens = realloc(tokens, capacity * sizeof(RiftToken*));
      |                                                                                  ^
/mnt/c/Users/OBINexus/Projects/github/rift-poc/rift-0/src/core/rift-0.c:284:30: error: ‘RiftStage0Context’ has no member named ‘ctx_lock’
  284 |     pthread_mutex_unlock(&ctx->ctx_lock);
      |                              ^~
/mnt/c/Users/OBINexus/Projects/github/rift-poc/rift-0/src/core/rift-0.c:293:1: warning: ISO C forbids nested functions [-Wpedantic]
  293 | DualChannelOutput* process_stage0(RiftStage0Context* ctx, const char* input) {
      | ^~~~~~~~~~~~~~~~~
/mnt/c/Users/OBINexus/Projects/github/rift-poc/rift-0/src/core/rift-0.c: In function ‘process_stage0’:
/mnt/c/Users/OBINexus/Projects/github/rift-poc/rift-0/src/core/rift-0.c:296:33: error: initialization of ‘DualChannelOutput *’ from ‘int’ makes pointer from integer without a cast [-Werror=int-conversion]
  296 |     DualChannelOutput* output = create_dual_channel_output();
      |                                 ^~~~~~~~~~~~~~~~~~~~~~~~~~
/mnt/c/Users/OBINexus/Projects/github/rift-poc/rift-0/src/core/rift-0.c:330:39: error: ‘RiftStage0Context’ has no member named ‘quantum_mode_active’; did you mean ‘quantum_channel_active’?
  330 |         if (token->is_quantum || ctx->quantum_mode_active) {
      |                                       ^~~~~~~~~~~~~~~~~~~
      |                                       quantum_channel_active
/mnt/c/Users/OBINexus/Projects/github/rift-poc/rift-0/src/core/rift-0.c:362:13: error: ‘DualChannelOutput’ has no member named ‘classic_channel’; did you mean ‘classic_count’?
  362 |     output->classic_channel = classic_buffer;
      |             ^~~~~~~~~~~~~~~
      |             classic_count
/mnt/c/Users/OBINexus/Projects/github/rift-poc/rift-0/src/core/rift-0.c:363:13: error: ‘DualChannelOutput’ has no member named ‘classic_size’; did you mean ‘classic_tokens’?
  363 |     output->classic_size = classic_offset;
      |             ^~~~~~~~~~~~
      |             classic_tokens
/mnt/c/Users/OBINexus/Projects/github/rift-poc/rift-0/src/core/rift-0.c:364:11: error: ‘DualChannelOutput’ has no member named ‘quantum_channel’
  364 |     output->quantum_channel = quantum_buffer;
      |           ^~
/mnt/c/Users/OBINexus/Projects/github/rift-poc/rift-0/src/core/rift-0.c:378:13: error: ‘RIFT_VERSION_MAJOR’ undeclared (first use in this function); did you mean ‘RIFT_VERSION’?
  378 |             RIFT_VERSION_MAJOR, RIFT_VERSION_MINOR, RIFT_VERSION_PATCH,
      |             ^~~~~~~~~~~~~~~~~~
      |             RIFT_VERSION
/mnt/c/Users/OBINexus/Projects/github/rift-poc/rift-0/src/core/rift-0.c:378:13: error: ‘RIFT_VERSION_MAJOR’ undeclared (first use in this function); did you mean ‘RIFT_VERSION’?
  378 |             RIFT_VERSION_MAJOR, RIFT_VERSION_MINOR, RIFT_VERSION_PATCH,
      |             ^~~~~~~~~~~~~~~~~~
      |             RIFT_VERSION
/mnt/c/Users/OBINexus/Projects/github/rift-poc/rift-0/src/core/rift-0.c:378:33: error: ‘RIFT_VERSION_MINOR’ undeclared (first use in this function); did you mean ‘RIFT_VERSION’?
  378 |             RIFT_VERSION_MAJOR, RIFT_VERSION_MINOR, RIFT_VERSION_PATCH,
      |                                 ^~~~~~~~~~~~~~~~~~
      |                                 RIFT_VERSION
/mnt/c/Users/OBINexus/Projects/github/rift-poc/rift-0/src/core/rift-0.c:378:53: error: ‘RIFT_VERSION_PATCH’ undeclared (first use in this function); did you mean ‘RIFT_VERSION’?
  378 |             RIFT_VERSION_MAJOR, RIFT_VERSION_MINOR, RIFT_VERSION_PATCH,
      |                                                     ^~~~~~~~~~~~~~~~~~
      |                                                     RIFT_VERSION
/mnt/c/Users/OBINexus/Projects/github/rift-poc/rift-0/src/core/rift-0.c:380:16: error: ‘RiftStage0Context’ has no member named ‘mem_gov’
  380 |             ctx->mem_gov->current_usage, ctx->mem_gov->max_heap,
      |                ^~
/mnt/c/Users/OBINexus/Projects/github/rift-poc/rift-0/src/core/rift-0.c:380:45: error: ‘RiftStage0Context’ has no member named ‘mem_gov’
  380 |             ctx->mem_gov->current_usage, ctx->mem_gov->max_heap,
      |                                             ^~
/mnt/c/Users/OBINexus/Projects/github/rift-poc/rift-0/src/core/rift-0.c:381:16: error: ‘RiftStage0Context’ has no member named ‘aegis_compliant’
  381 |             ctx->aegis_compliant ? "yes" : "no");
      |                ^~
/mnt/c/Users/OBINexus/Projects/github/rift-poc/rift-0/src/core/rift-0.c:378:33: error: ‘RIFT_VERSION_MINOR’ undeclared (first use in this function); did you mean ‘RIFT_VERSION’?
  378 |             RIFT_VERSION_MAJOR, RIFT_VERSION_MINOR, RIFT_VERSION_PATCH,
      |                                 ^~~~~~~~~~~~~~~~~~
      |                                 RIFT_VERSION
/mnt/c/Users/OBINexus/Projects/github/rift-poc/rift-0/src/core/rift-0.c:387:17: error: ‘DualChannelOutput’ has no member named ‘classic_size’; did you mean ‘classic_tokens’?
  387 |         output->classic_size += meta_len;
      |                 ^~~~~~~~~~~~
      |                 classic_tokens
/mnt/c/Users/OBINexus/Projects/github/rift-poc/rift-0/src/core/rift-0.c:392:9: error: implicit declaration of function ‘free_token’; did you mean ‘freopen’? [-Werror=implicit-function-declaration]
  392 |         free_token(ctx, tokens[i]);
      |         ^~~~~~~~~~
      |         freopen
/mnt/c/Users/OBINexus/Projects/github/rift-poc/rift-0/src/core/rift-0.c:397:54: error: ‘DualChannelOutput’ has no member named ‘classic_size’; did you mean ‘classic_tokens’?
  397 |     printf("  Classic channel: %zu bytes\n", output->classic_size);
      |                                                      ^~~~~~~~~~~~
      |                                                      classic_tokens
/mnt/c/Users/OBINexus/Projects/github/rift-poc/rift-0/src/core/rift-0.c:399:41: error: ‘DualChannelOutput’ has no member named ‘error_level’
  399 |     printf("  Error level: %d\n", output->error_level);
      |                                         ^~
/mnt/c/Users/OBINexus/Projects/github/rift-poc/rift-0/src/core/rift-0.c: In function ‘tokenize_input’:
/mnt/c/Users/OBINexus/Projects/github/rift-poc/rift-0/src/core/rift-0.c:409:5: error: ‘build’ undeclared (first use in this function)
  409 |     build->obj_path = strdup("build/obj/rift-stage0.o");
      |     ^~~~~
/mnt/c/Users/OBINexus/Projects/github/rift-poc/rift-0/src/core/rift-0.c:378:53: error: ‘RIFT_VERSION_PATCH’ undeclared (first use in this function); did you mean ‘RIFT_VERSION’?
  378 |             RIFT_VERSION_MAJOR, RIFT_VERSION_MINOR, RIFT_VERSION_PATCH,
      |                                                     ^~~~~~~~~~~~~~~~~~
      |                                                     RIFT_VERSION
/mnt/c/Users/OBINexus/Projects/github/rift-poc/rift-0/src/core/rift-0.c:380:16: error: ‘RiftStage0Context’ has no member named ‘mem_gov’
  380 |             ctx->mem_gov->current_usage, ctx->mem_gov->max_heap,
      |                ^~
/mnt/c/Users/OBINexus/Projects/github/rift-poc/rift-0/src/core/rift-0.c: At top level:
/mnt/c/Users/OBINexus/Projects/github/rift-poc/rift-0/src/core/rift-0.c:380:45: error: ‘RiftStage0Context’ has no member named ‘mem_gov’
  380 |             ctx->mem_gov->current_usage, ctx->mem_gov->max_heap,
      |                                             ^~
/mnt/c/Users/OBINexus/Projects/github/rift-poc/rift-0/src/core/rift-0.c:424:10: error: expected ‘=’, ‘,’, ‘;’, ‘asm’ or ‘__attribute__’ before ‘->’ token
  424 |     build->obj_path = strdup("build/obj/rift-stage0.o");
      |          ^~
/mnt/c/Users/OBINexus/Projects/github/rift-poc/rift-0/src/core/rift-0.c:381:16: error: ‘RiftStage0Context’ has no member named ‘aegis_compliant’
  381 |             ctx->aegis_compliant ? "yes" : "no");
      |                ^~
/mnt/c/Users/OBINexus/Projects/github/rift-poc/rift-0/src/core/rift-0.c:425:10: error: expected ‘=’, ‘,’, ‘;’, ‘asm’ or ‘__attribute__’ before ‘->’ token
  425 |     build->bin_path = strdup("build/bin/rift-stage0");
      |          ^~
/mnt/c/Users/OBINexus/Projects/github/rift-poc/rift-0/src/core/rift-0.c:426:10: error: expected ‘=’, ‘,’, ‘;’, ‘asm’ or ‘__attribute__’ before ‘->’ token
  426 |     build->lib_path = strdup("build/lib/librift-stage0.so");
      |          ^~
/mnt/c/Users/OBINexus/Projects/github/rift-poc/rift-0/src/core/rift-0.c:427:10: error: expected ‘=’, ‘,’, ‘;’, ‘asm’ or ‘__attribute__’ before ‘->’ token
  427 |     build->build_success = true;
      |          ^~
/mnt/c/Users/OBINexus/Projects/github/rift-poc/rift-0/src/core/rift-0.c:387:17: error: ‘DualChannelOutput’ has no member named ‘classic_size’; did you mean ‘classic_tokens’?
  387 |         output->classic_size += meta_len;
      |                 ^~~~~~~~~~~~
      |                 classic_tokens
/mnt/c/Users/OBINexus/Projects/github/rift-poc/rift-0/src/core/rift-0.c:429:12: error: expected declaration specifiers or ‘...’ before string constant
  429 |     printf("Build output generated:\n");
      |            ^~~~~~~~~~~~~~~~~~~~~~~~~~~
/mnt/c/Users/OBINexus/Projects/github/rift-poc/rift-0/src/core/rift-0.c:430:12: error: expected declaration specifiers or ‘...’ before string constant
  430 |     printf("  Object: %s\n", build->obj_path);
      |            ^~~~~~~~~~~~~~~~
/mnt/c/Users/OBINexus/Projects/github/rift-poc/rift-0/src/core/rift-0.c:430:30: error: unknown type name ‘build’
  430 |     printf("  Object: %s\n", build->obj_path);
      |                              ^~~~~
/mnt/c/Users/OBINexus/Projects/github/rift-poc/rift-0/src/core/rift-0.c:431:12: error: expected declaration specifiers or ‘...’ before string constant
  431 |     printf("  Binary: %s\n", build->bin_path);
      |            ^~~~~~~~~~~~~~~~
/mnt/c/Users/OBINexus/Projects/github/rift-poc/rift-0/src/core/rift-0.c:431:30: error: unknown type name ‘build’
  431 |     printf("  Binary: %s\n", build->bin_path);
      |                              ^~~~~
/mnt/c/Users/OBINexus/Projects/github/rift-poc/rift-0/src/core/rift-0.c:392:9: error: implicit declaration of function ‘free_token’; did you mean ‘freopen’? [-Werror=implicit-function-declaration]
  392 |         free_token(ctx, tokens[i]);
      |         ^~~~~~~~~~
      |         freopen
/mnt/c/Users/OBINexus/Projects/github/rift-poc/rift-0/src/core/rift-0.c:432:12: error: expected declaration specifiers or ‘...’ before string constant
  432 |     printf("  Library: %s\n", build->lib_path);
      |            ^~~~~~~~~~~~~~~~~
/mnt/c/Users/OBINexus/Projects/github/rift-poc/rift-0/src/core/rift-0.c:397:54: error: ‘DualChannelOutput’ has no member named ‘classic_size’; did you mean ‘classic_tokens’?
  397 |     printf("  Classic channel: %zu bytes\n", output->classic_size);
      |                                                      ^~~~~~~~~~~~
      |                                                      classic_tokens
/mnt/c/Users/OBINexus/Projects/github/rift-poc/rift-0/src/core/rift-0.c:399:41: error: ‘DualChannelOutput’ has no member named ‘error_level’
  399 |     printf("  Error level: %d\n", output->error_level);
      |                                         ^~
/mnt/c/Users/OBINexus/Projects/github/rift-poc/rift-0/src/core/rift-0.c:432:31: error: unknown type name ‘build’
  432 |     printf("  Library: %s\n", build->lib_path);
      |                               ^~~~~
/mnt/c/Users/OBINexus/Projects/github/rift-poc/rift-0/src/core/rift-0.c:434:5: error: expected identifier or ‘(’ before ‘return’
  434 |     return build;
      |     ^~~~~~
/mnt/c/Users/OBINexus/Projects/github/rift-poc/rift-0/src/core/rift-0.c:435:1: error: expected identifier or ‘(’ before ‘}’ token
  435 | }
      | ^
/mnt/c/Users/OBINexus/Projects/github/rift-poc/rift-0/src/core/rift-0.c: In function ‘tokenize_input’:
/mnt/c/Users/OBINexus/Projects/github/rift-poc/rift-0/src/core/rift-0.c:409:5: error: ‘build’ undeclared (first use in this function)
  409 |     build->obj_path = strdup("build/obj/rift-stage0.o");
      |     ^~~~~
/mnt/c/Users/OBINexus/Projects/github/rift-poc/rift-0/src/core/rift-0.c: At top level:
/mnt/c/Users/OBINexus/Projects/github/rift-poc/rift-0/src/core/rift-0.c: In function ‘rift_stage0_destroy’:
/mnt/c/Users/OBINexus/Projects/github/rift-poc/rift-0/src/core/rift-0.c:424:10: error: expected ‘=’, ‘,’, ‘;’, ‘asm’ or ‘__attribute__’ before ‘->’ token
  424 |     build->obj_path = strdup("build/obj/rift-stage0.o");
      |          ^~
/mnt/c/Users/OBINexus/Projects/github/rift-poc/rift-0/src/core/rift-0.c:445:5: error: unknown type name ‘RiftStageQueue’
  445 |     RiftStageQueue stage_queue;
      |     ^~~~~~~~~~~~~~
/mnt/c/Users/OBINexus/Projects/github/rift-poc/rift-0/src/core/rift-0.c:425:10: error: expected ‘=’, ‘,’, ‘;’, ‘asm’ or ‘__attribute__’ before ‘->’ token
  425 |     build->bin_path = strdup("build/bin/rift-stage0");
      |          ^~
/mnt/c/Users/OBINexus/Projects/github/rift-poc/rift-0/src/core/rift-0.c:426:10: error: expected ‘=’, ‘,’, ‘;’, ‘asm’ or ‘__attribute__’ before ‘->’ token
  426 |     build->lib_path = strdup("build/lib/librift-stage0.so");
      |          ^~
/mnt/c/Users/OBINexus/Projects/github/rift-poc/rift-0/src/core/rift-0.c:427:10: error: expected ‘=’, ‘,’, ‘;’, ‘asm’ or ‘__attribute__’ before ‘->’ token
  427 |     build->build_success = true;
      |          ^~
/mnt/c/Users/OBINexus/Projects/github/rift-poc/rift-0/src/core/rift-0.c:429:12: error: expected declaration specifiers or ‘...’ before string constant
  429 |     printf("Build output generated:\n");
      |            ^~~~~~~~~~~~~~~~~~~~~~~~~~~
/mnt/c/Users/OBINexus/Projects/github/rift-poc/rift-0/src/core/rift-0.c:430:12: error: expected declaration specifiers or ‘...’ before string constant
  430 |     printf("  Object: %s\n", build->obj_path);
      |            ^~~~~~~~~~~~~~~~
/mnt/c/Users/OBINexus/Projects/github/rift-poc/rift-0/src/core/rift-0.c:430:30: error: unknown type name ‘build’
  430 |     printf("  Object: %s\n", build->obj_path);
      |                              ^~~~~
/mnt/c/Users/OBINexus/Projects/github/rift-poc/rift-0/src/core/rift-0.c:431:12: error: expected declaration specifiers or ‘...’ before string constant
  431 |     printf("  Binary: %s\n", build->bin_path);
      |            ^~~~~~~~~~~~~~~~
/mnt/c/Users/OBINexus/Projects/github/rift-poc/rift-0/src/core/rift-0.c:446:5: error: implicit declaration of function ‘rift_stage_queue_init’ [-Werror=implicit-function-declaration]
  446 |     rift_stage_queue_init(&stage_queue, 8);
      |     ^~~~~~~~~~~~~~~~~~~~~
/mnt/c/Users/OBINexus/Projects/github/rift-poc/rift-0/src/core/rift-0.c:431:30: error: unknown type name ‘build’
  431 |     printf("  Binary: %s\n", build->bin_path);
      |                              ^~~~~
/mnt/c/Users/OBINexus/Projects/github/rift-poc/rift-0/src/core/rift-0.c:432:12: error: expected declaration specifiers or ‘...’ before string constant
  432 |     printf("  Library: %s\n", build->lib_path);
      |            ^~~~~~~~~~~~~~~~~
/mnt/c/Users/OBINexus/Projects/github/rift-poc/rift-0/src/core/rift-0.c:432:31: error: unknown type name ‘build’
  432 |     printf("  Library: %s\n", build->lib_path);
      |                               ^~~~~
/mnt/c/Users/OBINexus/Projects/github/rift-poc/rift-0/src/core/rift-0.c:434:5: error: expected identifier or ‘(’ before ‘return’
  434 |     return build;
      |     ^~~~~~
/mnt/c/Users/OBINexus/Projects/github/rift-poc/rift-0/src/core/rift-0.c:435:1: error: expected identifier or ‘(’ before ‘}’ token
  435 | }
      | ^
/mnt/c/Users/OBINexus/Projects/github/rift-poc/rift-0/src/core/rift-0.c:447:5: error: implicit declaration of function ‘rift_stage_tracker_load_from_xml’ [-Werror=implicit-function-declaration]
  447 |     rift_stage_tracker_load_from_xml(&stage_queue, "gov.riftrc.0.in.xml");
      |     ^~~~~~~~~~~~~~~~~~~~~~~~~~~~~~~~
/mnt/c/Users/OBINexus/Projects/github/rift-poc/rift-0/src/core/rift-0.c: In function ‘rift_stage0_destroy’:
/mnt/c/Users/OBINexus/Projects/github/rift-poc/rift-0/src/core/rift-0.c:445:5: error: unknown type name ‘RiftStageQueue’
  445 |     RiftStageQueue stage_queue;
      |     ^~~~~~~~~~~~~~
/mnt/c/Users/OBINexus/Projects/github/rift-poc/rift-0/src/core/rift-0.c:448:13: error: implicit declaration of function ‘rift_stage_queue_empty’ [-Werror=implicit-function-declaration]
  448 |     while (!rift_stage_queue_empty(&stage_queue)) {
      |             ^~~~~~~~~~~~~~~~~~~~~~
/mnt/c/Users/OBINexus/Projects/github/rift-poc/rift-0/src/core/rift-0.c:446:5: error: implicit declaration of function ‘rift_stage_queue_init’ [-Werror=implicit-function-declaration]
  446 |     rift_stage_queue_init(&stage_queue, 8);
      |     ^~~~~~~~~~~~~~~~~~~~~
/mnt/c/Users/OBINexus/Projects/github/rift-poc/rift-0/src/core/rift-0.c:449:9: error: unknown type name ‘RiftStageEntry’; did you mean ‘RiftStage0Config’?
  449 |         RiftStageEntry entry = rift_stage_queue_pop(&stage_queue);
      |         ^~~~~~~~~~~~~~
      |         RiftStage0Config
/mnt/c/Users/OBINexus/Projects/github/rift-poc/rift-0/src/core/rift-0.c:447:5: error: implicit declaration of function ‘rift_stage_tracker_load_from_xml’ [-Werror=implicit-function-declaration]
  447 |     rift_stage_tracker_load_from_xml(&stage_queue, "gov.riftrc.0.in.xml");
      |     ^~~~~~~~~~~~~~~~~~~~~~~~~~~~~~~~
/mnt/c/Users/OBINexus/Projects/github/rift-poc/rift-0/src/core/rift-0.c:449:32: error: implicit declaration of function ‘rift_stage_queue_pop’ [-Werror=implicit-function-declaration]
  449 |         RiftStageEntry entry = rift_stage_queue_pop(&stage_queue);
      |                                ^~~~~~~~~~~~~~~~~~~~
/mnt/c/Users/OBINexus/Projects/github/rift-poc/rift-0/src/core/rift-0.c:450:18: error: request for member ‘active’ in something not a structure or union
  450 |         if (entry.active) {
      |                  ^
/mnt/c/Users/OBINexus/Projects/github/rift-poc/rift-0/src/core/rift-0.c:452:29: error: request for member ‘name’ in something not a structure or union
  452 |             if (strcmp(entry.name, "tokenization") == 0) {
      |                             ^
/mnt/c/Users/OBINexus/Projects/github/rift-poc/rift-0/src/core/rift-0.c:453:43: error: ‘RiftStage0Context’ has no member named ‘pattern_count’
  453 |                 for (size_t i = 0; i < ctx->pattern_count; i++) {
      |                                           ^~
/mnt/c/Users/OBINexus/Projects/github/rift-poc/rift-0/src/core/rift-0.c:454:33: error: ‘RiftStage0Context’ has no member named ‘patterns’
  454 |                     regfree(&ctx->patterns[i]);
      |                                 ^~
/mnt/c/Users/OBINexus/Projects/github/rift-poc/rift-0/src/core/rift-0.c:456:25: error: ‘RiftStage0Context’ has no member named ‘patterns’
  456 |                 free(ctx->patterns);
      |                         ^~
/mnt/c/Users/OBINexus/Projects/github/rift-poc/rift-0/src/core/rift-0.c:449:24: warning: variable ‘entry’ set but not used [-Wunused-but-set-variable]
  449 |         RiftStageEntry entry = rift_stage_queue_pop(&stage_queue);
      |                        ^~~~~
/mnt/c/Users/OBINexus/Projects/github/rift-poc/rift-0/src/core/rift-0.c:448:13: error: implicit declaration of function ‘rift_stage_queue_empty’ [-Werror=implicit-function-declaration]
  448 |     while (!rift_stage_queue_empty(&stage_queue)) {
      |             ^~~~~~~~~~~~~~~~~~~~~~
/mnt/c/Users/OBINexus/Projects/github/rift-poc/rift-0/src/core/rift-0.c:461:5: error: implicit declaration of function ‘rift_stage_queue_free’ [-Werror=implicit-function-declaration]
  461 |     rift_stage_queue_free(&stage_queue);
      |     ^~~~~~~~~~~~~~~~~~~~~
/mnt/c/Users/OBINexus/Projects/github/rift-poc/rift-0/src/core/rift-0.c:464:12: error: ‘RiftStage0Context’ has no member named ‘mem_gov’
  464 |     if (ctx->mem_gov) {
      |            ^~
/mnt/c/Users/OBINexus/Projects/github/rift-poc/rift-0/src/core/rift-0.c:449:9: error: unknown type name ‘RiftStageEntry’; did you mean ‘RiftStage0Config’?
  449 |         RiftStageEntry entry = rift_stage_queue_pop(&stage_queue);
      |         ^~~~~~~~~~~~~~
      |         RiftStage0Config
/mnt/c/Users/OBINexus/Projects/github/rift-poc/rift-0/src/core/rift-0.c:465:35: error: ‘RiftStage0Context’ has no member named ‘mem_gov’
  465 |         pthread_mutex_destroy(&ctx->mem_gov->mem_lock);
      |                                   ^~
/mnt/c/Users/OBINexus/Projects/github/rift-poc/rift-0/src/core/rift-0.c:466:17: error: ‘RiftStage0Context’ has no member named ‘mem_gov’
  466 |         free(ctx->mem_gov);
      |                 ^~
/mnt/c/Users/OBINexus/Projects/github/rift-poc/rift-0/src/core/rift-0.c:469:31: error: ‘RiftStage0Context’ has no member named ‘ctx_lock’
  469 |     pthread_mutex_destroy(&ctx->ctx_lock);
      |                               ^~
/mnt/c/Users/OBINexus/Projects/github/rift-poc/rift-0/src/core/rift-0.c:449:32: error: implicit declaration of function ‘rift_stage_queue_pop’ [-Werror=implicit-function-declaration]
  449 |         RiftStageEntry entry = rift_stage_queue_pop(&stage_queue);
      |                                ^~~~~~~~~~~~~~~~~~~~
/mnt/c/Users/OBINexus/Projects/github/rift-poc/rift-0/src/core/rift-0.c:450:18: error: request for member ‘active’ in something not a structure or union
  450 |         if (entry.active) {
      |                  ^
/mnt/c/Users/OBINexus/Projects/github/rift-poc/rift-0/src/core/rift-0.c:452:29: error: request for member ‘name’ in something not a structure or union
  452 |             if (strcmp(entry.name, "tokenization") == 0) {
      |                             ^
/mnt/c/Users/OBINexus/Projects/github/rift-poc/rift-0/src/core/rift-0.c:453:43: error: ‘RiftStage0Context’ has no member named ‘pattern_count’
  453 |                 for (size_t i = 0; i < ctx->pattern_count; i++) {
      |                                           ^~
/mnt/c/Users/OBINexus/Projects/github/rift-poc/rift-0/src/core/rift-0.c:454:33: error: ‘RiftStage0Context’ has no member named ‘patterns’
  454 |                     regfree(&ctx->patterns[i]);
      |                                 ^~
/mnt/c/Users/OBINexus/Projects/github/rift-poc/rift-0/src/core/rift-0.c:456:25: error: ‘RiftStage0Context’ has no member named ‘patterns’
  456 |                 free(ctx->patterns);
      |                         ^~
/mnt/c/Users/OBINexus/Projects/github/rift-poc/rift-0/src/core/rift-0.c:449:24: warning: variable ‘entry’ set but not used [-Wunused-but-set-variable]
  449 |         RiftStageEntry entry = rift_stage_queue_pop(&stage_queue);
      |                        ^~~~~
/mnt/c/Users/OBINexus/Projects/github/rift-poc/rift-0/src/core/rift-0.c: In function ‘tokenize_input’:
/mnt/c/Users/OBINexus/Projects/github/rift-poc/rift-0/src/core/rift-0.c:421:5: warning: control reaches end of non-void function [-Wreturn-type]
  421 |     }
      |     ^
/mnt/c/Users/OBINexus/Projects/github/rift-poc/rift-0/src/core/rift-0.c:461:5: error: implicit declaration of function ‘rift_stage_queue_free’ [-Werror=implicit-function-declaration]
  461 |     rift_stage_queue_free(&stage_queue);
      |     ^~~~~~~~~~~~~~~~~~~~~
/mnt/c/Users/OBINexus/Projects/github/rift-poc/rift-0/src/core/rift-0.c:464:12: error: ‘RiftStage0Context’ has no member named ‘mem_gov’
  464 |     if (ctx->mem_gov) {
      |            ^~
/mnt/c/Users/OBINexus/Projects/github/rift-poc/rift-0/src/core/rift-0.c:465:35: error: ‘RiftStage0Context’ has no member named ‘mem_gov’
  465 |         pthread_mutex_destroy(&ctx->mem_gov->mem_lock);
      |                                   ^~
/mnt/c/Users/OBINexus/Projects/github/rift-poc/rift-0/src/core/rift-0.c:466:17: error: ‘RiftStage0Context’ has no member named ‘mem_gov’
  466 |         free(ctx->mem_gov);
      |                 ^~
/mnt/c/Users/OBINexus/Projects/github/rift-poc/rift-0/src/core/rift-0.c:469:31: error: ‘RiftStage0Context’ has no member named ‘ctx_lock’
  469 |     pthread_mutex_destroy(&ctx->ctx_lock);
      |                               ^~
/mnt/c/Users/OBINexus/Projects/github/rift-poc/rift-0/src/core/rift-0.c: In function ‘tokenize_input’:
/mnt/c/Users/OBINexus/Projects/github/rift-poc/rift-0/src/core/rift-0.c:421:5: warning: control reaches end of non-void function [-Wreturn-type]
  421 |     }
      |     ^
cc1: some warnings being treated as errors
cc1: some warnings being treated as errors
make[2]: *** [CMakeFiles/rift-stage0-static.dir/build.make:76: CMakeFiles/rift-stage0-static.dir/src/core/rift-0.c.o] Error 1
make[2]: *** [CMakeFiles/rift-stage0.dir/build.make:76: CMakeFiles/rift-stage0.dir/src/core/rift-0.c.o] Error 1
make[1]: *** [CMakeFiles/Makefile2:181: CMakeFiles/rift-stage0-static.dir/all] Error 2
make[1]: *** Waiting for unfinished jobs....
make[1]: *** [CMakeFiles/Makefile2:155: CMakeFiles/rift-stage0.dir/all] Error 2
make: *** [Makefile:146: all] Error 2
