Start testing: Jul 02 02:07 BST
----------------------------------------------------------
1/6 Testing: QA_TruePositive
1/6 Test: QA_TruePositive
Command: "/usr/bin/cmake" "-E" "echo" "Running TruePositive tests..."
Directory: /mnt/c/Users/OBINexus/Projects/github/rift-poc/rift-0/build
"QA_TruePositive" start time: Jul 02 02:07 BST
Output:
----------------------------------------------------------
Running TruePositive tests...
<end of output>
Test time =   0.01 sec
----------------------------------------------------------
Test Passed.
"QA_TruePositive" end time: Jul 02 02:07 BST
"QA_TruePositive" time elapsed: 00:00:00
----------------------------------------------------------

2/6 Testing: QA_TrueNegative
2/6 Test: QA_TrueNegative
Command: "/usr/bin/cmake" "-E" "echo" "Running TrueNegative tests..."
Directory: /mnt/c/Users/OBINexus/Projects/github/rift-poc/rift-0/build
"QA_TrueNegative" start time: Jul 02 02:07 BST
Output:
----------------------------------------------------------
Running TrueNegative tests...
<end of output>
Test time =   0.01 sec
----------------------------------------------------------
Test Passed.
"QA_TrueNegative" end time: Jul 02 02:07 BST
"QA_TrueNegative" time elapsed: 00:00:00
----------------------------------------------------------

3/6 Testing: QA_FalsePositive
3/6 Test: QA_FalsePositive
Command: "/usr/bin/cmake" "-E" "echo" "Running FalsePositive tests..."
Directory: /mnt/c/Users/OBINexus/Projects/github/rift-poc/rift-0/build
"QA_FalsePositive" start time: Jul 02 02:07 BST
Output:
----------------------------------------------------------
Running FalsePositive tests...
<end of output>
Test time =   0.01 sec
----------------------------------------------------------
Test Passed.
"QA_FalsePositive" end time: Jul 02 02:07 BST
"QA_FalsePositive" time elapsed: 00:00:00
----------------------------------------------------------

4/6 Testing: QA_FalseNegative
4/6 Test: QA_FalseNegative
Command: "/usr/bin/cmake" "-E" "echo" "Running FalseNegative tests..."
Directory: /mnt/c/Users/OBINexus/Projects/github/rift-poc/rift-0/build
"QA_FalseNegative" start time: Jul 02 02:07 BST
Output:
----------------------------------------------------------
Running FalseNegative tests...
<end of output>
Test time =   0.01 sec
----------------------------------------------------------
Test Passed.
"QA_FalseNegative" end time: Jul 02 02:07 BST
"QA_FalseNegative" time elapsed: 00:00:00
----------------------------------------------------------

5/6 Testing: QA_All
5/6 Test: QA_All
Command: "/mnt/c/Users/OBINexus/Projects/github/rift-poc/rift-0/build/bin/qa_assert"
Directory: /mnt/c/Users/OBINexus/Projects/github/rift-poc/rift-0/build/tests
"QA_All" start time: Jul 02 02:07 BST
Output:
----------------------------------------------------------
RIFT Stage-0 QA Test Suite
AEGIS Project - OBINexus Computing
=======================================================


True Positive Tests:
-------------------------------------------------------
TP_identifier_basic                 validIdentifier      identifier      TRUE POSITIVE ✓
TP_identifier_underscore            _private_var         identifier      TRUE POSITIVE ✓
TP_identifier_mixed                 myVar123             identifier      TRUE POSITIVE ✓
TP_number_integer                   42                   number          TRUE POSITIVE ✓
TP_number_decimal                   3.14159              number          TRUE POSITIVE ✓
TP_operator_plus                    +                    operator        TRUE POSITIVE ✓
TP_operator_caret                   ^                    operator        TRUE POSITIVE ✓
TP_operator_mod                     %                    operator        TRUE POSITIVE ✓
TP_quantum_marker                   @quantum             quantum_init    TRUE POSITIVE ✓
TP_collapse_marker                  !collapse            collapse        TRUE POSITIVE ✓
TP_governance_tag                   #[gov:aegis_phase_1] governance      TRUE POSITIVE ✓

True Negative Tests:
-------------------------------------------------------
TN_identifier_start_digit           123invalid           identifier      TRUE NEGATIVE ✓
TN_identifier_special_char          var-name             identifier      TRUE NEGATIVE ✓
TN_identifier_space                 my var               identifier      TRUE NEGATIVE ✓
TN_number_invalid                   12.34.56             number          TRUE NEGATIVE ✓
TN_number_letter                    123abc               number          TRUE NEGATIVE ✓
TN_operator_double                  ++                   operator        TRUE NEGATIVE ✓
TN_operator_invalid                 @                    operator        TRUE NEGATIVE ✓
TN_quantum_partial                  @quant               quantum_init    TRUE NEGATIVE ✓
TN_collapse_partial                 !coll                collapse        TRUE NEGATIVE ✓
TN_governance_malformed             #[gov:               governance      TRUE NEGATIVE ✓

False Positive Tests:
-------------------------------------------------------
FP_identifier_emoji                 var😀              identifier      CORRECTLY REJECTED ✓
FP_identifier_unicode               αβγ               identifier      CORRECTLY REJECTED ✓
FP_number_hex                       0xFF                 number          CORRECTLY REJECTED ✓
FP_number_scientific                1e-10                number          CORRECTLY REJECTED ✓
FP_operator_composite               =>                   operator        CORRECTLY REJECTED ✓
FP_quantum_case                     @QUANTUM             quantum_init    CORRECTLY REJECTED ✓

False Negative Tests:
-------------------------------------------------------
FN_identifier_long                  very_long_identifier_name_that_is_still_valid identifier      CORRECTLY ACCEPTED ✓
FN_identifier_single                x                    identifier      CORRECTLY ACCEPTED ✓
FN_number_zero                      0                    number          CORRECTLY ACCEPTED ✓
FN_number_leading_zero              0.5                  number          CORRECTLY ACCEPTED ✓
FN_operator_tilde                   ~                    operator        CORRECTLY ACCEPTED ✓
FN_governance_complex               #[gov:stage_0_compliance_check_v2] governance      CORRECTLY ACCEPTED ✓

=======================================================
RIFT Stage-0 QA Test Report
=======================================================
Total Tests:      33
Passed Tests:     33 (100.0%)

Assertion Analysis:
  True Positives:  11 (Valid tokens correctly accepted)
  True Negatives:  10 (Invalid tokens correctly rejected)
  False Positives: 0 (Invalid tokens incorrectly accepted)
  False Negatives: 0 (Valid tokens incorrectly rejected)

Performance Metrics:
  Precision:       100.00%
  Recall:          100.00%
  F1 Score:        100.00%

AEGIS Compliance: ✓ PASS
=======================================================
<end of output>
Test time =   0.01 sec
----------------------------------------------------------
Test Passed.
"QA_All" end time: Jul 02 02:07 BST
"QA_All" time elapsed: 00:00:00
----------------------------------------------------------

6/6 Testing: QA_Suite
6/6 Test: QA_Suite
Command: "/mnt/c/Users/OBINexus/Projects/github/rift-poc/rift-0/build/bin/qa_assert"
Directory: /mnt/c/Users/OBINexus/Projects/github/rift-poc/rift-0/build/tests
"QA_Suite" start time: Jul 02 02:07 BST
Output:
----------------------------------------------------------
RIFT Stage-0 QA Test Suite
AEGIS Project - OBINexus Computing
=======================================================


True Positive Tests:
-------------------------------------------------------
TP_identifier_basic                 validIdentifier      identifier      TRUE POSITIVE ✓
TP_identifier_underscore            _private_var         identifier      TRUE POSITIVE ✓
TP_identifier_mixed                 myVar123             identifier      TRUE POSITIVE ✓
TP_number_integer                   42                   number          TRUE POSITIVE ✓
TP_number_decimal                   3.14159              number          TRUE POSITIVE ✓
TP_operator_plus                    +                    operator        TRUE POSITIVE ✓
TP_operator_caret                   ^                    operator        TRUE POSITIVE ✓
TP_operator_mod                     %                    operator        TRUE POSITIVE ✓
TP_quantum_marker                   @quantum             quantum_init    TRUE POSITIVE ✓
TP_collapse_marker                  !collapse            collapse        TRUE POSITIVE ✓
TP_governance_tag                   #[gov:aegis_phase_1] governance      TRUE POSITIVE ✓

True Negative Tests:
-------------------------------------------------------
TN_identifier_start_digit           123invalid           identifier      TRUE NEGATIVE ✓
TN_identifier_special_char          var-name             identifier      TRUE NEGATIVE ✓
TN_identifier_space                 my var               identifier      TRUE NEGATIVE ✓
TN_number_invalid                   12.34.56             number          TRUE NEGATIVE ✓
TN_number_letter                    123abc               number          TRUE NEGATIVE ✓
TN_operator_double                  ++                   operator        TRUE NEGATIVE ✓
TN_operator_invalid                 @                    operator        TRUE NEGATIVE ✓
TN_quantum_partial                  @quant               quantum_init    TRUE NEGATIVE ✓
TN_collapse_partial                 !coll                collapse        TRUE NEGATIVE ✓
TN_governance_malformed             #[gov:               governance      TRUE NEGATIVE ✓

False Positive Tests:
-------------------------------------------------------
FP_identifier_emoji                 var😀              identifier      CORRECTLY REJECTED ✓
FP_identifier_unicode               αβγ               identifier      CORRECTLY REJECTED ✓
FP_number_hex                       0xFF                 number          CORRECTLY REJECTED ✓
FP_number_scientific                1e-10                number          CORRECTLY REJECTED ✓
FP_operator_composite               =>                   operator        CORRECTLY REJECTED ✓
FP_quantum_case                     @QUANTUM             quantum_init    CORRECTLY REJECTED ✓

False Negative Tests:
-------------------------------------------------------
FN_identifier_long                  very_long_identifier_name_that_is_still_valid identifier      CORRECTLY ACCEPTED ✓
FN_identifier_single                x                    identifier      CORRECTLY ACCEPTED ✓
FN_number_zero                      0                    number          CORRECTLY ACCEPTED ✓
FN_number_leading_zero              0.5                  number          CORRECTLY ACCEPTED ✓
FN_operator_tilde                   ~                    operator        CORRECTLY ACCEPTED ✓
FN_governance_complex               #[gov:stage_0_compliance_check_v2] governance      CORRECTLY ACCEPTED ✓

=======================================================
RIFT Stage-0 QA Test Report
=======================================================
Total Tests:      33
Passed Tests:     33 (100.0%)

Assertion Analysis:
  True Positives:  11 (Valid tokens correctly accepted)
  True Negatives:  10 (Invalid tokens correctly rejected)
  False Positives: 0 (Invalid tokens incorrectly accepted)
  False Negatives: 0 (Valid tokens incorrectly rejected)

Performance Metrics:
  Precision:       100.00%
  Recall:          100.00%
  F1 Score:        100.00%

AEGIS Compliance: ✓ PASS
=======================================================
<end of output>
Test time =   0.01 sec
----------------------------------------------------------
Test Passed.
"QA_Suite" end time: Jul 02 02:07 BST
"QA_Suite" time elapsed: 00:00:00
----------------------------------------------------------

End testing: Jul 02 02:07 BST
